<?xml version="1.0" encoding="UTF-8"?>
<!-- Generated by org.testng.reporters.JUnitReportReporter -->
<testsuite skipped="0" hostname="Admin-PC" name="qsp.P2" tests="1" failures="0" timestamp="13 Apr 2020 11:34:43 GMT" time="3.114" errors="0">
  <testcase name="test" time="3.114" classname="qsp.P2"/>
</testsuite> <!-- qsp.P2 -->
